<?xml version="1.0" encoding="UTF-8"?>
<!-- Generated by org.testng.reporters.JUnitXMLReporter -->
<testsuite ignored="0" hostname="Ranjan-PC" failures="0" tests="4" name="Default test" time="4.583" errors="0" timestamp="2024-02-14T15:47:48 IST">
  <testcase classname="day1.HttpRequest" name="getUsers" time="2.876"/>
  <testcase classname="day1.HttpRequest" name="createUser" time="0.823"/>
  <testcase classname="day1.HttpRequest" name="updateUser" time="0.391"/>
  <testcase classname="day1.HttpRequest" name="deleteUser" time="0.434"/>
</testsuite> <!-- Default test -->
