<?xml version="1.0" encoding="UTF-8"?>
<testng-results ignored="0" total="4" passed="4" failed="0" skipped="0">
  <reporter-output>
  </reporter-output>
  <suite started-at="2024-02-14T15:47:43 IST" name="Default suite" finished-at="2024-02-14T15:47:48 IST" duration-ms="4583">
    <groups>
    </groups>
    <test started-at="2024-02-14T15:47:43 IST" name="Default test" finished-at="2024-02-14T15:47:48 IST" duration-ms="4583">
      <class name="day1.HttpRequest">
        <test-method signature="getUsers()[pri:1, instance:day1.HttpRequest@6bd61f98]" started-at="2024-02-14T15:47:43 IST" name="getUsers" finished-at="2024-02-14T15:47:46 IST" duration-ms="2876" status="PASS">
          <reporter-output>
          </reporter-output>
        </test-method> <!-- getUsers -->
        <test-method signature="createUser()[pri:2, instance:day1.HttpRequest@6bd61f98]" started-at="2024-02-14T15:47:46 IST" name="createUser" finished-at="2024-02-14T15:47:47 IST" duration-ms="823" status="PASS">
          <reporter-output>
          </reporter-output>
        </test-method> <!-- createUser -->
        <test-method signature="updateUser()[pri:3, instance:day1.HttpRequest@6bd61f98]" started-at="2024-02-14T15:47:47 IST" name="updateUser" finished-at="2024-02-14T15:47:47 IST" depends-on-methods="day1.HttpRequest.createUser" duration-ms="391" status="PASS">
          <reporter-output>
          </reporter-output>
        </test-method> <!-- updateUser -->
        <test-method signature="deleteUser()[pri:4, instance:day1.HttpRequest@6bd61f98]" started-at="2024-02-14T15:47:47 IST" name="deleteUser" finished-at="2024-02-14T15:47:48 IST" duration-ms="434" status="PASS">
          <reporter-output>
          </reporter-output>
        </test-method> <!-- deleteUser -->
      </class> <!-- day1.HttpRequest -->
    </test> <!-- Default test -->
  </suite> <!-- Default suite -->
</testng-results>
